<?xml version="1.0" encoding="UTF-8"?>
<testng-results ignored="0" total="2" passed="2" failed="0" skipped="0">
  <reporter-output>
  </reporter-output>
  <suite started-at="2021-11-05T15:49:28 AEDT" name="TripPlannerRouteFinder" finished-at="2021-11-05T15:49:29 AEDT" duration-ms="847">
    <groups>
      <group name="cucumber">
        <method signature="AbstractTestNGCucumberTests.feature(cucumber.api.testng.CucumberFeatureWrapper)[pri:0, instance:TestNGTests.AddressGeneratorTestNG@70b0b186]" name="feature" class="cucumber.api.testng.AbstractTestNGCucumberTests"/>
      </group> <!-- cucumber -->
    </groups>
    <test started-at="2021-11-05T15:49:28 AEDT" name="Route finding" finished-at="2021-11-05T15:49:29 AEDT" duration-ms="847">
      <class name="TestNGTests.AddressGeneratorTestNG">
        <test-method is-config="true" signature="setUpClass()[pri:0, instance:TestNGTests.AddressGeneratorTestNG@70b0b186]" started-at="2021-11-05T15:49:28 AEDT" name="setUpClass" finished-at="2021-11-05T15:49:28 AEDT" duration-ms="535" status="PASS">
          <reporter-output>
          </reporter-output>
        </test-method> <!-- setUpClass -->
        <test-method signature="feature(cucumber.api.testng.CucumberFeatureWrapper)[pri:0, instance:TestNGTests.AddressGeneratorTestNG@70b0b186]" started-at="2021-11-05T15:49:29 AEDT" name="feature" description="Runs Cucumber Feature" data-provider="features" finished-at="2021-11-05T15:49:29 AEDT" duration-ms="78" status="PASS">
          <params>
            <param index="0">
              <value>
                <![CDATA[Address Generator]]>
              </value>
            </param>
          </params>
          <reporter-output>
          </reporter-output>
        </test-method> <!-- feature -->
        <test-method signature="feature(cucumber.api.testng.CucumberFeatureWrapper)[pri:0, instance:TestNGTests.AddressGeneratorTestNG@70b0b186]" started-at="2021-11-05T15:49:29 AEDT" name="feature" description="Runs Cucumber Feature" data-provider="features" finished-at="2021-11-05T15:49:29 AEDT" duration-ms="4" status="PASS">
          <params>
            <param index="0">
              <value>
                <![CDATA[Public Transport Routing]]>
              </value>
            </param>
          </params>
          <reporter-output>
          </reporter-output>
        </test-method> <!-- feature -->
        <test-method is-config="true" signature="tearDownClass()[pri:0, instance:TestNGTests.AddressGeneratorTestNG@70b0b186]" started-at="2021-11-05T15:49:29 AEDT" name="tearDownClass" finished-at="2021-11-05T15:49:29 AEDT" duration-ms="21" status="PASS">
          <reporter-output>
          </reporter-output>
        </test-method> <!-- tearDownClass -->
      </class> <!-- TestNGTests.AddressGeneratorTestNG -->
    </test> <!-- Route finding -->
  </suite> <!-- TripPlannerRouteFinder -->
</testng-results>
